<?xml version="1.0" encoding="UTF-8"?>
<!-- Generated by org.testng.reporters.JUnitXMLReporter -->
<testsuite ignored="2" hostname="DESKTOP-4C269SO" failures="0" tests="5" name="Test" time="4.315" errors="0" timestamp="2024-02-29T12:39:36 IST">
  <testcase classname="Test.PIMTest" name="@BeforeTest doLogin" time="0.1">
    <failure type="java.lang.NullPointerException" message="Cannot invoke &amp;quot;org.openqa.selenium.WebDriver.get(String)&amp;quot; because &amp;quot;this.driver&amp;quot; is null">
      <![CDATA[java.lang.NullPointerException: Cannot invoke "org.openqa.selenium.WebDriver.get(String)" because "this.driver" is null
at Test.PIMTest.doLogin(PIMTest.java:23)
... Removed 24 stack frames]]>
    </failure>
  </testcase> <!-- @BeforeTest doLogin -->
  <testcase classname="Setup.Setup" name="@AfterTest closeDriver" time="-1.70919057628E9">
    <skipped/>
  </testcase> <!-- @AfterTest closeDriver -->
  <testcase classname="Test.LoginTestRunner" name="doFailedLogin" time="0.0">
    <skipped/>
  </testcase> <!-- doFailedLogin -->
  <testcase classname="Test.LoginTestRunner" name="doLogin" time="0.0">
    <skipped/>
  </testcase> <!-- doLogin -->
  <testcase classname="Test.LoginTestRunner" name="doLogout" time="0.0">
    <skipped/>
  </testcase> <!-- doLogout -->
  <testcase classname="Test.PIMTest" name="doAddFirstEmployee" time="0.0">
    <skipped/>
  </testcase> <!-- doAddFirstEmployee -->
  <testcase classname="Test.PIMTest" name="doLogout" time="0.0">
    <skipped/>
  </testcase> <!-- doLogout -->
  <testcase classname="Setup.Setup" name="@BeforeTest setup" time="0.0">
    <ignored/>
  </testcase> <!-- @BeforeTest setup -->
  <testcase classname="Setup.Setup" name="@AfterTest closeDriver" time="0.0">
    <ignored/>
  </testcase> <!-- @AfterTest closeDriver -->
</testsuite> <!-- Test -->
