<?xml version="1.0" encoding="UTF-8"?>
<testng-results ignored="0" total="5" passed="5" failed="0" skipped="0">
  <reporter-output>
  </reporter-output>
  <suite started-at="2024-04-10T11:01:36 IST" name="TestingSuite" finished-at="2024-04-10T11:03:03 IST" duration-ms="87158">
    <groups>
    </groups>
    <test started-at="2024-04-10T11:01:36 IST" name="Test1" finished-at="2024-04-10T11:02:27 IST" duration-ms="51409">
      <class name="Test.LoginTestRunner">
        <test-method is-config="true" signature="setup()[pri:0, instance:Test.LoginTestRunner@29ca3d04]" started-at="2024-04-10T11:01:36 IST" name="setup" finished-at="2024-04-10T11:01:56 IST" duration-ms="20089" status="PASS">
          <reporter-output>
          </reporter-output>
        </test-method> <!-- setup -->
        <test-method signature="doFailedLogin()[pri:1, instance:Test.LoginTestRunner@29ca3d04]" started-at="2024-04-10T11:01:56 IST" name="doFailedLogin" description="Login with invalid password" finished-at="2024-04-10T11:02:16 IST" duration-ms="20624" status="PASS">
          <reporter-output>
          </reporter-output>
        </test-method> <!-- doFailedLogin -->
        <test-method signature="doLogin()[pri:2, instance:Test.LoginTestRunner@29ca3d04]" started-at="2024-04-10T11:02:16 IST" name="doLogin" description="Login with valid username and valid password" finished-at="2024-04-10T11:02:25 IST" duration-ms="8214" status="PASS">
          <reporter-output>
          </reporter-output>
        </test-method> <!-- doLogin -->
        <test-method signature="doLogout()[pri:3, instance:Test.LoginTestRunner@29ca3d04]" started-at="2024-04-10T11:02:25 IST" name="doLogout" description="Logs Out" finished-at="2024-04-10T11:02:27 IST" duration-ms="2327" status="PASS">
          <reporter-output>
          </reporter-output>
        </test-method> <!-- doLogout -->
        <test-method is-config="true" signature="closeDriver()[pri:0, instance:Test.LoginTestRunner@29ca3d04]" started-at="2024-04-10T11:02:27 IST" name="closeDriver" finished-at="2024-04-10T11:02:27 IST" duration-ms="1" status="PASS">
          <reporter-output>
          </reporter-output>
        </test-method> <!-- closeDriver -->
      </class> <!-- Test.LoginTestRunner -->
    </test> <!-- Test1 -->
    <test started-at="2024-04-10T11:02:29 IST" name="Test 2" finished-at="2024-04-10T11:03:03 IST" duration-ms="33624">
      <class name="Test.PIMTest">
        <test-method is-config="true" signature="setup()[pri:0, instance:Test.PIMTest@388526fb]" started-at="2024-04-10T11:02:29 IST" name="setup" finished-at="2024-04-10T11:02:34 IST" duration-ms="4780" status="PASS">
          <reporter-output>
          </reporter-output>
        </test-method> <!-- setup -->
        <test-method is-config="true" signature="doLogin()[pri:0, instance:Test.PIMTest@388526fb]" started-at="2024-04-10T11:02:34 IST" name="doLogin" finished-at="2024-04-10T11:02:57 IST" depends-on-methods="Setup.Setup.setup" duration-ms="22747" status="PASS">
          <reporter-output>
          </reporter-output>
        </test-method> <!-- doLogin -->
        <test-method signature="doAddFirstEmployee()[pri:1, instance:Test.PIMTest@388526fb]" started-at="2024-04-10T11:02:57 IST" name="doAddFirstEmployee" description="Create First Employee" finished-at="2024-04-10T11:03:01 IST" duration-ms="3877" status="PASS">
          <reporter-output>
          </reporter-output>
        </test-method> <!-- doAddFirstEmployee -->
        <test-method signature="doLogout()[pri:3, instance:Test.PIMTest@388526fb]" started-at="2024-04-10T11:03:01 IST" name="doLogout" description="Logs Out" finished-at="2024-04-10T11:03:03 IST" duration-ms="2208" status="PASS">
          <reporter-output>
          </reporter-output>
        </test-method> <!-- doLogout -->
        <test-method is-config="true" signature="closeDriver()[pri:0, instance:Test.PIMTest@388526fb]" started-at="2024-04-10T11:03:03 IST" name="closeDriver" finished-at="2024-04-10T11:03:03 IST" duration-ms="1" status="PASS">
          <reporter-output>
          </reporter-output>
        </test-method> <!-- closeDriver -->
      </class> <!-- Test.PIMTest -->
    </test> <!-- Test 2 -->
  </suite> <!-- TestingSuite -->
</testng-results>
