<?xml version="1.0" encoding="UTF-8"?>
<!-- Generated by org.testng.reporters.JUnitXMLReporter -->
<testsuite ignored="0" hostname="DESKTOP-4C269SO" failures="2" tests="2" name="Test 3" time="23.063" errors="0" timestamp="2024-04-10T11:21:09 IST">
  <testcase classname="Test.NewLogin" name="doLogin" time="19.042">
    <failure type="java.lang.AssertionError" message="expected [true] but found [false]">
      <![CDATA[java.lang.AssertionError: expected [true] but found [false]
at Test.NewLogin.doLogin(NewLogin.java:29)
at java.base/java.util.ArrayList.forEach(ArrayList.java:1511)
... Removed 31 stack frames]]>
    </failure>
  </testcase> <!-- doLogin -->
  <testcase classname="Test.NewLogin" name="doLogin" time="19.434">
    <failure type="java.lang.IllegalArgumentException" message="ScreenCapture&amp;apos;s base64 string must not be null or empty">
      <![CDATA[java.lang.IllegalArgumentException: ScreenCapture's base64 string must not be null or empty
at com.aventstack.extentreports.util.Assert.notEmpty(Assert.java:12)
at com.aventstack.extentreports.ExtentTest.addScreenCaptureFromBase64String(ExtentTest.java:1111)
at Test.Listners.onTestFailure(Listners.java:54)
at java.base/java.util.ArrayList.forEach(ArrayList.java:1511)
... Removed 24 stack frames]]>
    </failure>
  </testcase> <!-- doLogin -->
</testsuite> <!-- Test 3 -->
