<?xml version="1.0" encoding="UTF-8"?>
<!-- Generated by org.testng.reporters.JUnitXMLReporter -->
<testsuite ignored="0" hostname="DESKTOP-4C269SO" failures="0" tests="3" name="Test1" time="29.218" errors="0" timestamp="2024-04-10T11:20:16 IST">
  <testcase classname="Test.LoginTestRunner" name="doFailedLogin" time="16.719"/>
  <testcase classname="Test.LoginTestRunner" name="doLogin" time="6.85"/>
  <testcase classname="Test.LoginTestRunner" name="doLogout" time="1.956"/>
</testsuite> <!-- Test1 -->
